<?xml version="1.0" encoding="UTF-8"?>
<!-- Generated by org.testng.reporters.JUnitXMLReporter -->
<testsuite hostname="BHTPL-LAPTOP12" ignored="0" name="Default test" tests="2" failures="0" timestamp="2020-05-27T10:54:30 IST" time="63.795" errors="0">
  <testcase name="B1" time="0.012" classname="business.denefits.com.testcases.DummyTestB">
    <skipped/>
  </testcase> <!-- B1 -->
  <testcase name="B1" time="62.567" classname="business.denefits.com.testcases.DummyTestB"/>
</testsuite> <!-- Default test -->
