<?xml version="1.0" encoding="UTF-8"?>
<testng-results skipped="1" failed="0" ignored="0" total="2" passed="1">
  <reporter-output>
  </reporter-output>
  <suite name="Default suite" duration-ms="63795" started-at="2020-05-27T10:53:26 IST" finished-at="2020-05-27T10:54:30 IST">
    <groups>
    </groups>
    <test name="Default test" duration-ms="63795" started-at="2020-05-27T10:53:26 IST" finished-at="2020-05-27T10:54:30 IST">
      <class name="business.denefits.com.testcases.DummyTestB">
        <test-method status="SKIP" signature="B1(java.util.Hashtable)[pri:0, instance:business.denefits.com.testcases.DummyTestB@3eb7fc54]" name="B1" duration-ms="12" started-at="2020-05-27T10:53:27 IST" data-provider="getData" finished-at="2020-05-27T10:53:27 IST">
          <params>
            <param index="0">
              <value>
                <![CDATA[{Col2=B2, Col1=B1, Runmode=N}]]>
              </value>
            </param>
          </params>
          <exception class="org.testng.SkipException">
            <message>
              <![CDATA[Skipping the testcase as Rumode is N]]>
            </message>
            <full-stacktrace>
              <![CDATA[org.testng.SkipException: Skipping the testcase as Rumode is N
at business.denefits.com.testcases.DummyTestB.B1(DummyTestB.java:34)
at sun.reflect.NativeMethodAccessorImpl.invoke0(Native Method)
at sun.reflect.NativeMethodAccessorImpl.invoke(Unknown Source)
at sun.reflect.DelegatingMethodAccessorImpl.invoke(Unknown Source)
at java.lang.reflect.Method.invoke(Unknown Source)
at org.testng.internal.MethodInvocationHelper.invokeMethod(MethodInvocationHelper.java:134)
at org.testng.internal.TestInvoker.invokeMethod(TestInvoker.java:597)
at org.testng.internal.TestInvoker.invokeTestMethod(TestInvoker.java:173)
at org.testng.internal.MethodRunner.runInSequence(MethodRunner.java:46)
at org.testng.internal.TestInvoker$MethodInvocationAgent.invoke(TestInvoker.java:816)
at org.testng.internal.TestInvoker.invokeTestMethods(TestInvoker.java:146)
at org.testng.internal.TestMethodWorker.invokeTestMethods(TestMethodWorker.java:146)
at org.testng.internal.TestMethodWorker.run(TestMethodWorker.java:128)
at java.util.ArrayList.forEach(Unknown Source)
at org.testng.TestRunner.privateRun(TestRunner.java:766)
at org.testng.TestRunner.run(TestRunner.java:587)
at org.testng.SuiteRunner.runTest(SuiteRunner.java:384)
at org.testng.SuiteRunner.runSequentially(SuiteRunner.java:378)
at org.testng.SuiteRunner.privateRun(SuiteRunner.java:337)
at org.testng.SuiteRunner.run(SuiteRunner.java:286)
at org.testng.SuiteRunnerWorker.runSuite(SuiteRunnerWorker.java:53)
at org.testng.SuiteRunnerWorker.run(SuiteRunnerWorker.java:96)
at org.testng.TestNG.runSuitesSequentially(TestNG.java:1187)
at org.testng.TestNG.runSuitesLocally(TestNG.java:1109)
at org.testng.TestNG.runSuites(TestNG.java:1039)
at org.testng.TestNG.run(TestNG.java:1007)
at org.testng.remote.AbstractRemoteTestNG.run(AbstractRemoteTestNG.java:115)
at org.testng.remote.RemoteTestNG.initAndRun(RemoteTestNG.java:251)
at org.testng.remote.RemoteTestNG.main(RemoteTestNG.java:77)
]]>
            </full-stacktrace>
          </exception> <!-- org.testng.SkipException -->
          <reporter-output>
          </reporter-output>
        </test-method> <!-- B1 -->
        <test-method status="PASS" signature="quit()[pri:0, instance:business.denefits.com.testcases.DummyTestB@3eb7fc54]" name="quit" is-config="true" duration-ms="249" started-at="2020-05-27T10:53:27 IST" finished-at="2020-05-27T10:53:27 IST">
          <reporter-output>
          </reporter-output>
        </test-method> <!-- quit -->
        <test-method status="PASS" signature="B1(java.util.Hashtable)[pri:0, instance:business.denefits.com.testcases.DummyTestB@3eb7fc54]" name="B1" duration-ms="62567" started-at="2020-05-27T10:53:27 IST" data-provider="getData" finished-at="2020-05-27T10:54:30 IST">
          <params>
            <param index="0">
              <value>
                <![CDATA[{Col2=B4, Col1=B3, Runmode=Y}]]>
              </value>
            </param>
          </params>
          <reporter-output>
          </reporter-output>
        </test-method> <!-- B1 -->
        <test-method status="PASS" signature="quit()[pri:0, instance:business.denefits.com.testcases.DummyTestB@3eb7fc54]" name="quit" is-config="true" duration-ms="95" started-at="2020-05-27T10:54:30 IST" finished-at="2020-05-27T10:54:30 IST">
          <reporter-output>
          </reporter-output>
        </test-method> <!-- quit -->
      </class> <!-- business.denefits.com.testcases.DummyTestB -->
    </test> <!-- Default test -->
  </suite> <!-- Default suite -->
</testng-results>
