<?xml version="1.0" encoding="UTF-8"?>
<!-- Generated by org.testng.reporters.JUnitXMLReporter -->
<testsuite hostname="BHTPL-LAPTOP12" name="Annotation" tests="3" failures="0" timestamp="16 May 2020 06:50:56 GMT" time="0.031" errors="0">
  <testcase name="A1" time="0.009" classname="business.denefits.com.testcases.DummyTestA"/>
  <testcase name="A2" time="0.004" classname="business.denefits.com.testcases.DummyTestA"/>
  <testcase name="A3" time="0.001" classname="business.denefits.com.testcases.DummyTestA"/>
</testsuite> <!-- Annotation -->
